<?xml version="1.0" encoding="UTF-8"?>
<testng-results ignored="0" total="2" passed="2" failed="0" skipped="0">
  <reporter-output>
  </reporter-output>
  <suite started-at="2024-06-21T21:21:23 IST" name="Default suite" finished-at="2024-06-21T21:21:23 IST" duration-ms="65">
    <groups>
    </groups>
    <test started-at="2024-06-21T21:21:23 IST" name="Default test" finished-at="2024-06-21T21:21:23 IST" duration-ms="65">
      <class name="testNgAnnotation.Demo">
        <test-method signature="test()[pri:0, instance:testNgAnnotation.Demo@4dbb42b7]" started-at="2024-06-21T21:21:23 IST" name="test" finished-at="2024-06-21T21:21:23 IST" duration-ms="15" status="PASS">
          <reporter-output>
          </reporter-output>
        </test-method> <!-- test -->
        <test-method signature="test2()[pri:0, instance:testNgAnnotation.Demo@4dbb42b7]" started-at="2024-06-21T21:21:23 IST" name="test2" finished-at="2024-06-21T21:21:23 IST" duration-ms="1" status="PASS">
          <reporter-output>
          </reporter-output>
        </test-method> <!-- test2 -->
      </class> <!-- testNgAnnotation.Demo -->
    </test> <!-- Default test -->
  </suite> <!-- Default suite -->
</testng-results>
